<?xml version="1.0" encoding="UTF-8"?><testsuite errors="0" failures="0" name="com.gorest.gorest.gorestinfo.GoRestCURDTestWithSteps" skipped="0" tests="4" time="14.93" timestamp="2023-01-03T20:46:56.773Z[Europe/London]"><testcase classname="com.gorest.gorest.gorestinfo.GoRestCURDTestWithSteps" name="This method will get all users records"/><testcase classname="com.gorest.gorest.gorestinfo.GoRestCURDTestWithSteps" name="This method will create a new users record and verify it by its ID"/><testcase classname="com.gorest.gorest.gorestinfo.GoRestCURDTestWithSteps" name="This method will update the existing record"/><testcase classname="com.gorest.gorest.gorestinfo.GoRestCURDTestWithSteps" name="This method will delete the existing record"/></testsuite>